ActivityTest/app/build/outputs/logs/manifest-merger-debug-report.txt
-- Merging decision tree log ---
manifest
ADDED from src\main\AndroidManifest.xml:2:1-93:12
	package
		ADDED from src\main\AndroidManifest.xml:3:5-39
		INJECTED from src\main\AndroidManifest.xml
		INJECTED from src\main\AndroidManifest.xml
	android:versionName
		INJECTED from src\main\AndroidManifest.xml
		INJECTED from src\main\AndroidManifest.xml
	xmlns:android
		ADDED from src\main\AndroidManifest.xml:2:11-69
	android:versionCode
		INJECTED from src\main\AndroidManifest.xml
		INJECTED from src\main\AndroidManifest.xml
uses-permission#android.permission.ACCESS_NETWORK_STATE
ADDED from src\main\AndroidManifest.xml:6:5-79
	android:name
		ADDED from src\main\AndroidManifest.xml:6:22-76
uses-permission#android.permission.RECEIVE_BOOT_COMPLETED
ADDED from src\main\AndroidManifest.xml:8:5-81
	android:name
		ADDED from src\main\AndroidManifest.xml:8:22-78
application
ADDED from src\main\AndroidManifest.xml:10:5-91:19
MERGED from [com.android.support:appcompat-v7:25.0.0] AndroidManifest.xml:25:5-20
MERGED from [com.android.support:support-v4:25.0.0] AndroidManifest.xml:25:5-20
MERGED from [com.android.support:support-fragment:25.0.0] AndroidManifest.xml:25:5-20
MERGED from [com.android.support:support-media-compat:25.0.0] AndroidManifest.xml:25:5-20
MERGED from [com.android.support:support-core-utils:25.0.0] AndroidManifest.xml:25:5-20
MERGED from [com.android.support:animated-vector-drawable:25.0.0] AndroidManifest.xml:22:5-20
MERGED from [com.android.support:support-vector-drawable:25.0.0] AndroidManifest.xml:23:5-20
MERGED from [com.android.support:support-core-ui:25.0.0] AndroidManifest.xml:25:5-20
MERGED from [com.android.support:support-compat:25.0.0] AndroidManifest.xml:25:5-20
MERGED from [com.android.support.constraint:constraint-layout:1.0.2] AndroidManifest.xml:9:5-20
	android:label
		ADDED from src\main\AndroidManifest.xml:13:9-41
	android:supportsRtl
		ADDED from src\main\AndroidManifest.xml:15:9-35
	android:roundIcon
		ADDED from src\main\AndroidManifest.xml:14:9-54
	android:allowBackup
		ADDED from src\main\AndroidManifest.xml:11:9-35
	android:icon
		ADDED from src\main\AndroidManifest.xml:12:9-43
	android:theme
		ADDED from src\main\AndroidManifest.xml:16:9-40
activity#com.example.activitytest.FirstActivity
ADDED from src\main\AndroidManifest.xml:17:9-27:20
	android:label
		ADDED from src\main\AndroidManifest.xml:19:13-41
	android:launchMode
		ADDED from src\main\AndroidManifest.xml:20:13-44
	android:name
		ADDED from src\main\AndroidManifest.xml:18:13-42
intent-filter#android.intent.action.MAIN+android.intent.category.LAUNCHER
ADDED from src\main\AndroidManifest.xml:21:13-25:29
action#android.intent.action.MAIN
ADDED from src\main\AndroidManifest.xml:22:17-69
	android:name
		ADDED from src\main\AndroidManifest.xml:22:25-66
category#android.intent.category.LAUNCHER
ADDED from src\main\AndroidManifest.xml:24:17-77
	android:name
		ADDED from src\main\AndroidManifest.xml:24:27-74
activity#com.example.activitytest.SecondActivity
ADDED from src\main\AndroidManifest.xml:28:9-30:51
	android:launchMode
		ADDED from src\main\AndroidManifest.xml:30:13-48
	android:name
		ADDED from src\main\AndroidManifest.xml:29:13-43
activity#com.example.activitytest.ThirdActivity
ADDED from src\main\AndroidManifest.xml:31:9-38:20
	android:name
		ADDED from src\main\AndroidManifest.xml:31:19-48
intent-filter#android.intent.category.DEFAULT+com.example.activitytest.ACTION_START+com.example.activitytest.MY_CATEGORY
ADDED from src\main\AndroidManifest.xml:32:13-37:29
action#com.example.activitytest.ACTION_START
ADDED from src\main\AndroidManifest.xml:33:17-80
	android:name
		ADDED from src\main\AndroidManifest.xml:33:25-77
category#android.intent.category.DEFAULT
ADDED from src\main\AndroidManifest.xml:35:17-76
	android:name
		ADDED from src\main\AndroidManifest.xml:35:27-73
category#com.example.activitytest.MY_CATEGORY
ADDED from src\main\AndroidManifest.xml:36:17-81
	android:name
		ADDED from src\main\AndroidManifest.xml:36:27-78
activity#com.example.activitytest.
ADDED from src\main\AndroidManifest.xml:39:9-47:20
	android:name
		ADDED from src\main\AndroidManifest.xml:39:19-35
intent-filter#android.intent.action.VIEW+android.intent.category.DEFAULT
ADDED from src\main\AndroidManifest.xml:40:13-46:29
action#android.intent.action.VIEW
ADDED from src\main\AndroidManifest.xml:41:17-69
	android:name
		ADDED from src\main\AndroidManifest.xml:41:25-66
data
ADDED from src\main\AndroidManifest.xml:45:17-47
	android:scheme
		ADDED from src\main\AndroidManifest.xml:45:23-44
activity#com.example.activitytest.FifthActivity
ADDED from src\main\AndroidManifest.xml:48:9-51
	android:name
		ADDED from src\main\AndroidManifest.xml:48:19-48
activity#com.example.activitytest.SixActivity
ADDED from src\main\AndroidManifest.xml:49:9-49
	android:name
		ADDED from src\main\AndroidManifest.xml:49:19-46
activity#com.example.activitytest.RelativeLayout_test
ADDED from src\main\AndroidManifest.xml:50:9-57
	android:name
		ADDED from src\main\AndroidManifest.xml:50:19-54
activity#com.example.activitytest.FrameLayout
ADDED from src\main\AndroidManifest.xml:51:9-49
	android:name
		ADDED from src\main\AndroidManifest.xml:51:19-46
activity#com.example.activitytest.Import_Layout
ADDED from src\main\AndroidManifest.xml:52:9-51
	android:name
		ADDED from src\main\AndroidManifest.xml:52:19-48
activity#com.example.activitytest.List_View
ADDED from src\main\AndroidManifest.xml:53:9-47
	android:name
		ADDED from src\main\AndroidManifest.xml:53:19-44
activity#com.example.activitytest.RecycleActivity
ADDED from src\main\AndroidManifest.xml:54:9-53
	android:name
		ADDED from src\main\AndroidManifest.xml:54:19-50
activity#com.example.activitytest.Dialog1
ADDED from src\main\AndroidManifest.xml:55:9-45
	android:name
		ADDED from src\main\AndroidManifest.xml:55:19-42
activity#com.example.activitytest.activity_main
ADDED from src\main\AndroidManifest.xml:56:9-51
	android:name
		ADDED from src\main\AndroidManifest.xml:56:19-48
activity#com.example.activitytest.Fragment_test
ADDED from src\main\AndroidManifest.xml:57:9-51
	android:name
		ADDED from src\main\AndroidManifest.xml:57:19-48
activity#com.example.activitytest.NewsContentActivity
ADDED from src\main\AndroidManifest.xml:58:9-57
	android:name
		ADDED from src\main\AndroidManifest.xml:58:19-54
activity#com.example.activitytest.ActivityMain
ADDED from src\main\AndroidManifest.xml:59:9-50
	android:name
		ADDED from src\main\AndroidManifest.xml:59:19-47
activity#com.example.activitytest.BroadcastActivity
ADDED from src\main\AndroidManifest.xml:60:9-55
	android:name
		ADDED from src\main\AndroidManifest.xml:60:19-52
receiver#com.example.activitytest.BootCompleteReceiver
ADDED from src\main\AndroidManifest.xml:63:9-70:20
	android:enabled
		ADDED from src\main\AndroidManifest.xml:65:13-35
	android:exported
		ADDED from src\main\AndroidManifest.xml:66:13-36
	android:name
		ADDED from src\main\AndroidManifest.xml:64:13-49
intent-filter#android.intent.action.BOOT_COMPLETED
ADDED from src\main\AndroidManifest.xml:67:13-69:29
action#android.intent.action.BOOT_COMPLETED
ADDED from src\main\AndroidManifest.xml:68:17-79
	android:name
		ADDED from src\main\AndroidManifest.xml:68:25-76
receiver#com.example.activitytest.MyBroadCastReceiver
ADDED from src\main\AndroidManifest.xml:71:9-78:20
	android:enabled
		ADDED from src\main\AndroidManifest.xml:73:13-35
	android:exported
		ADDED from src\main\AndroidManifest.xml:74:13-36
	android:name
		ADDED from src\main\AndroidManifest.xml:72:13-48
intent-filter#com.example.broadcasttest.MY_BROADCAST
ADDED from src\main\AndroidManifest.xml:75:13-77:29
action#com.example.broadcasttest.MY_BROADCAST
ADDED from src\main\AndroidManifest.xml:76:17-81
	android:name
		ADDED from src\main\AndroidManifest.xml:76:25-78
receiver#com.example.activitytest.OrderedBroadcastReceiver
ADDED from src\main\AndroidManifest.xml:79:9-86:20
	android:enabled
		ADDED from src\main\AndroidManifest.xml:81:13-35
	android:exported
		ADDED from src\main\AndroidManifest.xml:82:13-36
	android:name
		ADDED from src\main\AndroidManifest.xml:80:13-53
intent-filter#com.example.broadcasttest.ORDERED_BROADCAST
ADDED from src\main\AndroidManifest.xml:83:13-85:29
	android:priority
		ADDED from src\main\AndroidManifest.xml:83:28-50
action#com.example.broadcasttest.ORDERED_BROADCAST
ADDED from src\main\AndroidManifest.xml:84:17-86
	android:name
		ADDED from src\main\AndroidManifest.xml:84:25-83
activity#com.example.activitytest.LocalBroadcastActivity
ADDED from src\main\AndroidManifest.xml:88:9-60
	android:name
		ADDED from src\main\AndroidManifest.xml:88:19-57
activity#com.example.activitytest.LoginActivity
ADDED from src\main\AndroidManifest.xml:89:9-51
	android:name
		ADDED from src\main\AndroidManifest.xml:89:19-48
activity#com.example.activitytest.LoginViewActivity
ADDED from src\main\AndroidManifest.xml:90:9-64
	android:name
		ADDED from src\main\AndroidManifest.xml:90:19-52
uses-sdk
INJECTED from src\main\AndroidManifest.xml reason: use-sdk injection requested
MERGED from [com.android.support:appcompat-v7:25.0.0] AndroidManifest.xml:21:5-23:78
MERGED from [com.android.support:support-v4:25.0.0] AndroidManifest.xml:21:5-23:54
MERGED from [com.android.support:support-fragment:25.0.0] AndroidManifest.xml:21:5-23:60
MERGED from [com.android.support:support-media-compat:25.0.0] AndroidManifest.xml:21:5-23:63
MERGED from [com.android.support:support-core-utils:25.0.0] AndroidManifest.xml:21:5-23:61
MERGED from [com.android.support:animated-vector-drawable:25.0.0] AndroidManifest.xml:20:5-44
MERGED from [com.android.support:support-vector-drawable:25.0.0] AndroidManifest.xml:21:5-43
MERGED from [com.android.support:recyclerview-v7:25.0.0] AndroidManifest.xml:20:5-43
MERGED from [com.android.support:support-core-ui:25.0.0] AndroidManifest.xml:21:5-23:58
MERGED from [com.android.support:support-compat:25.0.0] AndroidManifest.xml:21:5-23:58
MERGED from [com.android.support.constraint:constraint-layout:1.0.2] AndroidManifest.xml:5:5-7:41
	tools:overrideLibrary
		ADDED from [com.android.support:appcompat-v7:25.0.0] AndroidManifest.xml:23:9-75
	android:targetSdkVersion
		INJECTED from src\main\AndroidManifest.xml
		INJECTED from src\main\AndroidManifest.xml
	android:minSdkVersion
		INJECTED from src\main\AndroidManifest.xml
		INJECTED from src\main\AndroidManifest.xml